<?xml version="1.0" encoding="UTF-8"?>
<!-- Generated by org.testng.reporters.JUnitReportReporter -->
<testsuite hostname="DESKTOP-6HPEAMJ" failures="0" tests="2" name="com.unitech.psptech.testCases.HomePage_TS_001" time="3.936" errors="0" timestamp="17 Jun 2023 17:58:37 GMT">
  <testcase classname="com.unitech.psptech.testCases.HomePage_TS_001" name="TC_001_ClickHeaderHomeButton" time="0.678"/>
  <testcase classname="com.unitech.psptech.testCases.HomePage_TS_001" name="TC_002_Mouse_Over_Software_Development" time="3.258"/>
</testsuite> <!-- com.unitech.psptech.testCases.HomePage_TS_001 -->
